Input log opened at Sun Apr 15 10:48:48 2001

Operating System:
  WinNT version 5.0
  Build number 2195
  Service Pack 1

Enabling DirectInput...
DirectX 3 detected.
Enumerating input devices...
Keyboard detected, created as keyboard0 (asynchronous).
  128 total objects detected.
  128 keys.

Mouse detected, created as mouse0 (asynchronous).
  6 total objects detected.
  3 buttons.
  1 x-axis.
  1 y-axis.
  1 z-axis.

--- Filling the ASCII table! ---
KC: 0X09 DK: 0X01 VK: 0X1B
  LOWER- R: 1 A[0]: 0X001B A[1]: 0X0000
  UPPER- R: 1 A[0]: 0X001B A[1]: 0X0000
  GOOFY- R: 0 A[0]: 0X0000 A[1]: 0X0000
KC: 0X0A DK: 0X39 VK: 0X20
  LOWER- R: 1 A[0]: 0X0020 A[1]: 0X0000
  UPPER- R: 1 A[0]: 0X0020 A[1]: 0X0000
  GOOFY- R: 0 A[0]: 0X0000 A[1]: 0X0000
KC: 0X0B DK: 0XD1 VK: 0X00
  LOWER- R: 0 A[0]: 0X0000 A[1]: 0X0000
  UPPER- R: 0 A[0]: 0X0000 A[1]: 0X0000
  GOOFY- R: 0 A[0]: 0X0000 A[1]: 0X0000
KC: 0X0C DK: 0XC9 VK: 0X00
  LOWER- R: 0 A[0]: 0X0000 A[1]: 0X0000
  UPPER- R: 0 A[0]: 0X0000 A[1]: 0X0000
  GOOFY- R: 0 A[0]: 0X0000 A[1]: 0X0000
KC: 0X0D DK: 0XCF VK: 0X00
  LOWER- R: 0 A[0]: 0X0000 A[1]: 0X0000
  UPPER- R: 0 A[0]: 0X0000 A[1]: 0X0000
  GOOFY- R: 0 A[0]: 0X0000 A[1]: 0X0000
KC: 0X0E DK: 0XC7 VK: 0X00
  LOWER- R: 0 A[0]: 0X0000 A[1]: 0X0000
  UPPER- R: 0 A[0]: 0X0000 A[1]: 0X0000
  GOOFY- R: 0 A[0]: 0X0000 A[1]: 0X0000
KC: 0X0F DK: 0XCB VK: 0X00
  LOWER- R: 0 A[0]: 0X0000 A[1]: 0X0000
  UPPER- R: 0 A[0]: 0X0000 A[1]: 0X0000
  GOOFY- R: 0 A[0]: 0X0000 A[1]: 0X0000
KC: 0X10 DK: 0XC8 VK: 0X00
  LOWER- R: 0 A[0]: 0X0000 A[1]: 0X0000
  UPPER- R: 0 A[0]: 0X0000 A[1]: 0X0000
  GOOFY- R: 0 A[0]: 0X0000 A[1]: 0X0000
KC: 0X11 DK: 0XCD VK: 0X00
  LOWER- R: 0 A[0]: 0X0000 A[1]: 0X0000
  UPPER- R: 0 A[0]: 0X0000 A[1]: 0X0000
  GOOFY- R: 0 A[0]: 0X0000 A[1]: 0X0000
KC: 0X12 DK: 0XD0 VK: 0X00
  LOWER- R: 0 A[0]: 0X0000 A[1]: 0X0000
  UPPER- R: 0 A[0]: 0X0000 A[1]: 0X0000
  GOOFY- R: 0 A[0]: 0X0000 A[1]: 0X0000
KC: 0X13 DK: 0XB7 VK: 0X00
  LOWER- R: 0 A[0]: 0X0000 A[1]: 0X0000
  UPPER- R: 0 A[0]: 0X0000 A[1]: 0X0000
  GOOFY- R: 0 A[0]: 0X0000 A[1]: 0X0000
KC: 0X14 DK: 0XD2 VK: 0X00
  LOWER- R: 0 A[0]: 0X0000 A[1]: 0X0000
  UPPER- R: 0 A[0]: 0X0000 A[1]: 0X0000
  GOOFY- R: 0 A[0]: 0X0000 A[1]: 0X0000
KC: 0X15 DK: 0XD3 VK: 0X00
  LOWER- R: 0 A[0]: 0X0000 A[1]: 0X0000
  UPPER- R: 0 A[0]: 0X0000 A[1]: 0X0000
  GOOFY- R: 0 A[0]: 0X0000 A[1]: 0X0000
KC: 0X17 DK: 0X0B VK: 0X30
  LOWER- R: 1 A[0]: 0X0030 A[1]: 0X0000
  UPPER- R: 1 A[0]: 0X0029 A[1]: 0X0000
  GOOFY- R: 0 A[0]: 0X0000 A[1]: 0X0000
KC: 0X18 DK: 0X02 VK: 0X31
  LOWER- R: 1 A[0]: 0X0031 A[1]: 0X0000
  UPPER- R: 1 A[0]: 0X0021 A[1]: 0X0000
  GOOFY- R: 0 A[0]: 0X0000 A[1]: 0X0000
KC: 0X19 DK: 0X03 VK: 0X32
  LOWER- R: 1 A[0]: 0X0032 A[1]: 0X0000
  UPPER- R: 1 A[0]: 0X0040 A[1]: 0X0000
  GOOFY- R: 0 A[0]: 0X0000 A[1]: 0X0000
KC: 0X1A DK: 0X04 VK: 0X33
  LOWER- R: 1 A[0]: 0X0033 A[1]: 0X0000
  UPPER- R: 1 A[0]: 0X0023 A[1]: 0X0000
  GOOFY- R: 0 A[0]: 0X0000 A[1]: 0X0000
KC: 0X1B DK: 0X05 VK: 0X34
  LOWER- R: 1 A[0]: 0X0034 A[1]: 0X0000
  UPPER- R: 1 A[0]: 0X0024 A[1]: 0X0000
  GOOFY- R: 0 A[0]: 0X0000 A[1]: 0X0000
KC: 0X1C DK: 0X06 VK: 0X35
  LOWER- R: 1 A[0]: 0X0035 A[1]: 0X0000
  UPPER- R: 1 A[0]: 0X0025 A[1]: 0X0000
  GOOFY- R: 0 A[0]: 0X0000 A[1]: 0X0000
KC: 0X1D DK: 0X07 VK: 0X36
  LOWER- R: 1 A[0]: 0X0036 A[1]: 0X0000
  UPPER- R: 1 A[0]: 0X005E A[1]: 0X0000
  GOOFY- R: 0 A[0]: 0X0000 A[1]: 0X0000
KC: 0X1E DK: 0X08 VK: 0X37
  LOWER- R: 1 A[0]: 0X0037 A[1]: 0X0000
  UPPER- R: 1 A[0]: 0X0026 A[1]: 0X0000
  GOOFY- R: 0 A[0]: 0X0000 A[1]: 0X0000
KC: 0X1F DK: 0X09 VK: 0X38
  LOWER- R: 1 A[0]: 0X0038 A[1]: 0X0000
  UPPER- R: 1 A[0]: 0X002A A[1]: 0X0000
  GOOFY- R: 0 A[0]: 0X0000 A[1]: 0X0000
KC: 0X20 DK: 0X0A VK: 0X39
  LOWER- R: 1 A[0]: 0X0039 A[1]: 0X0000
  UPPER- R: 1 A[0]: 0X0028 A[1]: 0X0000
  GOOFY- R: 0 A[0]: 0X0000 A[1]: 0X0000
KC: 0X21 DK: 0X1E VK: 0X41
  LOWER- R: 1 A[0]: 0X0061 A[1]: 0X0000
  UPPER- R: 1 A[0]: 0X0041 A[1]: 0X0000
  GOOFY- R: 0 A[0]: 0X0000 A[1]: 0X0000
KC: 0X22 DK: 0X30 VK: 0X42
  LOWER- R: 1 A[0]: 0X0062 A[1]: 0X0000
  UPPER- R: 1 A[0]: 0X0042 A[1]: 0X0000
  GOOFY- R: 0 A[0]: 0X0000 A[1]: 0X0000
KC: 0X23 DK: 0X2E VK: 0X43
  LOWER- R: 1 A[0]: 0X0063 A[1]: 0X0000
  UPPER- R: 1 A[0]: 0X0043 A[1]: 0X0000
  GOOFY- R: 0 A[0]: 0X0000 A[1]: 0X0000
KC: 0X24 DK: 0X20 VK: 0X44
  LOWER- R: 1 A[0]: 0X0064 A[1]: 0X0000
  UPPER- R: 1 A[0]: 0X0044 A[1]: 0X0000
  GOOFY- R: 0 A[0]: 0X0000 A[1]: 0X0000
KC: 0X25 DK: 0X12 VK: 0X45
  LOWER- R: 1 A[0]: 0X0065 A[1]: 0X0000
  UPPER- R: 1 A[0]: 0X0045 A[1]: 0X0000
  GOOFY- R: 0 A[0]: 0X0000 A[1]: 0X0000
KC: 0X26 DK: 0X21 VK: 0X46
  LOWER- R: 1 A[0]: 0X0066 A[1]: 0X0000
  UPPER- R: 1 A[0]: 0X0046 A[1]: 0X0000
  GOOFY- R: 0 A[0]: 0X0000 A[1]: 0X0000
KC: 0X27 DK: 0X22 VK: 0X47
  LOWER- R: 1 A[0]: 0X0067 A[1]: 0X0000
  UPPER- R: 1 A[0]: 0X0047 A[1]: 0X0000
  GOOFY- R: 0 A[0]: 0X0000 A[1]: 0X0000
KC: 0X28 DK: 0X23 VK: 0X48
  LOWER- R: 1 A[0]: 0X0068 A[1]: 0X0000
  UPPER- R: 1 A[0]: 0X0048 A[1]: 0X0000
  GOOFY- R: 0 A[0]: 0X0000 A[1]: 0X0000
KC: 0X29 DK: 0X17 VK: 0X49
  LOWER- R: 1 A[0]: 0X0069 A[1]: 0X0000
  UPPER- R: 1 A[0]: 0X0049 A[1]: 0X0000
  GOOFY- R: 0 A[0]: 0X0000 A[1]: 0X0000
KC: 0X2A DK: 0X24 VK: 0X4A
  LOWER- R: 1 A[0]: 0X006A A[1]: 0X0000
  UPPER- R: 1 A[0]: 0X004A A[1]: 0X0000
  GOOFY- R: 0 A[0]: 0X0000 A[1]: 0X0000
KC: 0X2B DK: 0X25 VK: 0X4B
  LOWER- R: 1 A[0]: 0X006B A[1]: 0X0000
  UPPER- R: 1 A[0]: 0X004B A[1]: 0X0000
  GOOFY- R: 0 A[0]: 0X0000 A[1]: 0X0000
KC: 0X2C DK: 0X26 VK: 0X4C
  LOWER- R: 1 A[0]: 0X006C A[1]: 0X0000
  UPPER- R: 1 A[0]: 0X004C A[1]: 0X0000
  GOOFY- R: 0 A[0]: 0X0000 A[1]: 0X0000
KC: 0X2D DK: 0X32 VK: 0X4D
  LOWER- R: 1 A[0]: 0X006D A[1]: 0X0000
  UPPER- R: 1 A[0]: 0X004D A[1]: 0X0000
  GOOFY- R: 0 A[0]: 0X0000 A[1]: 0X0000
KC: 0X2E DK: 0X31 VK: 0X4E
  LOWER- R: 1 A[0]: 0X006E A[1]: 0X0000
  UPPER- R: 1 A[0]: 0X004E A[1]: 0X0000
  GOOFY- R: 0 A[0]: 0X0000 A[1]: 0X0000
KC: 0X2F DK: 0X18 VK: 0X4F
  LOWER- R: 1 A[0]: 0X006F A[1]: 0X0000
  UPPER- R: 1 A[0]: 0X004F A[1]: 0X0000
  GOOFY- R: 0 A[0]: 0X0000 A[1]: 0X0000
KC: 0X30 DK: 0X19 VK: 0X50
  LOWER- R: 1 A[0]: 0X0070 A[1]: 0X0000
  UPPER- R: 1 A[0]: 0X0050 A[1]: 0X0000
  GOOFY- R: 0 A[0]: 0X0000 A[1]: 0X0000
KC: 0X31 DK: 0X10 VK: 0X51
  LOWER- R: 1 A[0]: 0X0071 A[1]: 0X0000
  UPPER- R: 1 A[0]: 0X0051 A[1]: 0X0000
  GOOFY- R: 0 A[0]: 0X0000 A[1]: 0X0000
KC: 0X32 DK: 0X13 VK: 0X52
  LOWER- R: 1 A[0]: 0X0072 A[1]: 0X0000
  UPPER- R: 1 A[0]: 0X0052 A[1]: 0X0000
  GOOFY- R: 0 A[0]: 0X0000 A[1]: 0X0000
KC: 0X33 DK: 0X1F VK: 0X53
  LOWER- R: 1 A[0]: 0X0073 A[1]: 0X0000
  UPPER- R: 1 A[0]: 0X0053 A[1]: 0X0000
  GOOFY- R: 0 A[0]: 0X0000 A[1]: 0X0000
KC: 0X34 DK: 0X14 VK: 0X54
  LOWER- R: 1 A[0]: 0X0074 A[1]: 0X0000
  UPPER- R: 1 A[0]: 0X0054 A[1]: 0X0000
  GOOFY- R: 0 A[0]: 0X0000 A[1]: 0X0000
KC: 0X35 DK: 0X16 VK: 0X55
  LOWER- R: 1 A[0]: 0X0075 A[1]: 0X0000
  UPPER- R: 1 A[0]: 0X0055 A[1]: 0X0000
  GOOFY- R: 0 A[0]: 0X0000 A[1]: 0X0000
KC: 0X36 DK: 0X2F VK: 0X56
  LOWER- R: 1 A[0]: 0X0076 A[1]: 0X0000
  UPPER- R: 1 A[0]: 0X0056 A[1]: 0X0000
  GOOFY- R: 0 A[0]: 0X0000 A[1]: 0X0000
KC: 0X37 DK: 0X11 VK: 0X57
  LOWER- R: 1 A[0]: 0X0077 A[1]: 0X0000
  UPPER- R: 1 A[0]: 0X0057 A[1]: 0X0000
  GOOFY- R: 0 A[0]: 0X0000 A[1]: 0X0000
KC: 0X38 DK: 0X2D VK: 0X58
  LOWER- R: 1 A[0]: 0X0078 A[1]: 0X0000
  UPPER- R: 1 A[0]: 0X0058 A[1]: 0X0000
  GOOFY- R: 0 A[0]: 0X0000 A[1]: 0X0000
KC: 0X39 DK: 0X15 VK: 0X59
  LOWER- R: 1 A[0]: 0X0079 A[1]: 0X0000
  UPPER- R: 1 A[0]: 0X0059 A[1]: 0X0000
  GOOFY- R: 0 A[0]: 0X0000 A[1]: 0X0000
KC: 0X3A DK: 0X2C VK: 0X5A
  LOWER- R: 1 A[0]: 0X007A A[1]: 0X0000
  UPPER- R: 1 A[0]: 0X005A A[1]: 0X0000
  GOOFY- R: 0 A[0]: 0X0000 A[1]: 0X0000
KC: 0X3B DK: 0X29 VK: 0XC0
  LOWER- R: 1 A[0]: 0X0060 A[1]: 0X0000
  UPPER- R: 1 A[0]: 0X007E A[1]: 0X0000
  GOOFY- R: 0 A[0]: 0X0000 A[1]: 0X0000
KC: 0X3C DK: 0X0C VK: 0XBD
  LOWER- R: 1 A[0]: 0X002D A[1]: 0X0000
  UPPER- R: 1 A[0]: 0X005F A[1]: 0X0000
  GOOFY- R: 0 A[0]: 0X0000 A[1]: 0X0000
KC: 0X3D DK: 0X0D VK: 0XBB
  LOWER- R: 1 A[0]: 0X003D A[1]: 0X0000
  UPPER- R: 1 A[0]: 0X002B A[1]: 0X0000
  GOOFY- R: 0 A[0]: 0X0000 A[1]: 0X0000
KC: 0X3E DK: 0X1A VK: 0XDB
  LOWER- R: 1 A[0]: 0X005B A[1]: 0X0000
  UPPER- R: 1 A[0]: 0X007B A[1]: 0X0000
  GOOFY- R: 0 A[0]: 0X0000 A[1]: 0X0000
KC: 0X3F DK: 0X1B VK: 0XDD
  LOWER- R: 1 A[0]: 0X005D A[1]: 0X0000
  UPPER- R: 1 A[0]: 0X007D A[1]: 0X0000
  GOOFY- R: 0 A[0]: 0X0000 A[1]: 0X0000
KC: 0X40 DK: 0X2B VK: 0XDC
  LOWER- R: 1 A[0]: 0X005C A[1]: 0X0000
  UPPER- R: 1 A[0]: 0X007C A[1]: 0X0000
  GOOFY- R: 0 A[0]: 0X0000 A[1]: 0X0000
KC: 0X41 DK: 0X27 VK: 0XBA
  LOWER- R: 1 A[0]: 0X003B A[1]: 0X0000
  UPPER- R: 1 A[0]: 0X003A A[1]: 0X0000
  GOOFY- R: 0 A[0]: 0X0000 A[1]: 0X0000
KC: 0X42 DK: 0X28 VK: 0XDE
  LOWER- R: 1 A[0]: 0X0027 A[1]: 0X0000
  UPPER- R: 1 A[0]: 0X0022 A[1]: 0X0000
  GOOFY- R: 0 A[0]: 0X0000 A[1]: 0X0000
KC: 0X43 DK: 0X33 VK: 0XBC
  LOWER- R: 1 A[0]: 0X002C A[1]: 0X0000
  UPPER- R: 1 A[0]: 0X003C A[1]: 0X0000
  GOOFY- R: 0 A[0]: 0X0000 A[1]: 0X0000
KC: 0X44 DK: 0X34 VK: 0XBE
  LOWER- R: 1 A[0]: 0X002E A[1]: 0X0000
  UPPER- R: 1 A[0]: 0X003E A[1]: 0X0000
  GOOFY- R: 0 A[0]: 0X0000 A[1]: 0X0000
KC: 0X45 DK: 0X35 VK: 0XBF
  LOWER- R: 1 A[0]: 0X002F A[1]: 0X0000
  UPPER- R: 1 A[0]: 0X003F A[1]: 0X0000
  GOOFY- R: 0 A[0]: 0X0000 A[1]: 0X0000
KC: 0X46 DK: 0X52 VK: 0X2D
  LOWER- R: 0 A[0]: 0X0000 A[1]: 0X0000
  UPPER- R: 0 A[0]: 0X0000 A[1]: 0X0000
  GOOFY- R: 0 A[0]: 0X0000 A[1]: 0X0000
KC: 0X47 DK: 0X4F VK: 0X23
  LOWER- R: 0 A[0]: 0X0000 A[1]: 0X0000
  UPPER- R: 0 A[0]: 0X0000 A[1]: 0X0000
  GOOFY- R: 0 A[0]: 0X0000 A[1]: 0X0000
KC: 0X48 DK: 0X50 VK: 0X28
  LOWER- R: 0 A[0]: 0X0000 A[1]: 0X0000
  UPPER- R: 0 A[0]: 0X0000 A[1]: 0X0000
  GOOFY- R: 0 A[0]: 0X0000 A[1]: 0X0000
KC: 0X49 DK: 0X51 VK: 0X22
  LOWER- R: 0 A[0]: 0X0000 A[1]: 0X0000
  UPPER- R: 0 A[0]: 0X0000 A[1]: 0X0000
  GOOFY- R: 0 A[0]: 0X0000 A[1]: 0X0000
KC: 0X4A DK: 0X4B VK: 0X25
  LOWER- R: 0 A[0]: 0X0000 A[1]: 0X0000
  UPPER- R: 0 A[0]: 0X0000 A[1]: 0X0000
  GOOFY- R: 0 A[0]: 0X0000 A[1]: 0X0000
KC: 0X4B DK: 0X4C VK: 0X0C
  LOWER- R: 0 A[0]: 0X0000 A[1]: 0X0000
  UPPER- R: 0 A[0]: 0X0000 A[1]: 0X0000
  GOOFY- R: 0 A[0]: 0X0000 A[1]: 0X0000
KC: 0X4C DK: 0X4D VK: 0X27
  LOWER- R: 0 A[0]: 0X0000 A[1]: 0X0000
  UPPER- R: 0 A[0]: 0X0000 A[1]: 0X0000
  GOOFY- R: 0 A[0]: 0X0000 A[1]: 0X0000
KC: 0X4D DK: 0X47 VK: 0X24
  LOWER- R: 0 A[0]: 0X0000 A[1]: 0X0000
  UPPER- R: 0 A[0]: 0X0000 A[1]: 0X0000
  GOOFY- R: 0 A[0]: 0X0000 A[1]: 0X0000
KC: 0X4E DK: 0X48 VK: 0X26
  LOWER- R: 0 A[0]: 0X0000 A[1]: 0X0000
  UPPER- R: 0 A[0]: 0X0000 A[1]: 0X0000
  GOOFY- R: 0 A[0]: 0X0000 A[1]: 0X0000
KC: 0X4F DK: 0X49 VK: 0X21
  LOWER- R: 0 A[0]: 0X0000 A[1]: 0X0000
  UPPER- R: 0 A[0]: 0X0000 A[1]: 0X0000
  GOOFY- R: 0 A[0]: 0X0000 A[1]: 0X0000
KC: 0X50 DK: 0X37 VK: 0X6A
  LOWER- R: 1 A[0]: 0X002A A[1]: 0X0000
  UPPER- R: 1 A[0]: 0X002A A[1]: 0X0000
  GOOFY- R: 0 A[0]: 0X0000 A[1]: 0X0000
KC: 0X51 DK: 0X4E VK: 0X6B
  LOWER- R: 1 A[0]: 0X002B A[1]: 0X0000
  UPPER- R: 1 A[0]: 0X002B A[1]: 0X0000
  GOOFY- R: 0 A[0]: 0X0000 A[1]: 0X0000
KC: 0X52 DK: 0XB3 VK: 0X00
  LOWER- R: 0 A[0]: 0X0000 A[1]: 0X0000
  UPPER- R: 0 A[0]: 0X0000 A[1]: 0X0000
  GOOFY- R: 0 A[0]: 0X0000 A[1]: 0X0000
KC: 0X53 DK: 0X4A VK: 0X6D
  LOWER- R: 1 A[0]: 0X002D A[1]: 0X0000
  UPPER- R: 1 A[0]: 0X002D A[1]: 0X0000
  GOOFY- R: 0 A[0]: 0X0000 A[1]: 0X0000
KC: 0X54 DK: 0X53 VK: 0X2E
  LOWER- R: 0 A[0]: 0X0000 A[1]: 0X0000
  UPPER- R: 0 A[0]: 0X0000 A[1]: 0X0000
  GOOFY- R: 0 A[0]: 0X0000 A[1]: 0X0000
KC: 0X55 DK: 0XB5 VK: 0X00
  LOWER- R: 0 A[0]: 0X0000 A[1]: 0X0000
  UPPER- R: 0 A[0]: 0X0000 A[1]: 0X0000
  GOOFY- R: 0 A[0]: 0X0000 A[1]: 0X0000
KC: 0X56 DK: 0X9C VK: 0X00
  LOWER- R: 0 A[0]: 0X0000 A[1]: 0X0000
  UPPER- R: 0 A[0]: 0X0000 A[1]: 0X0000
  GOOFY- R: 0 A[0]: 0X0000 A[1]: 0X0000
KC: 0X57 DK: 0X3B VK: 0X70
  LOWER- R: 0 A[0]: 0X0000 A[1]: 0X0000
  UPPER- R: 0 A[0]: 0X0000 A[1]: 0X0000
  GOOFY- R: 0 A[0]: 0X0000 A[1]: 0X0000
KC: 0X58 DK: 0X3C VK: 0X71
  LOWER- R: 0 A[0]: 0X0000 A[1]: 0X0000
  UPPER- R: 0 A[0]: 0X0000 A[1]: 0X0000
  GOOFY- R: 0 A[0]: 0X0000 A[1]: 0X0000
KC: 0X59 DK: 0X3D VK: 0X72
  LOWER- R: 0 A[0]: 0X0000 A[1]: 0X0000
  UPPER- R: 0 A[0]: 0X0000 A[1]: 0X0000
  GOOFY- R: 0 A[0]: 0X0000 A[1]: 0X0000
KC: 0X5A DK: 0X3E VK: 0X73
  LOWER- R: 0 A[0]: 0X0000 A[1]: 0X0000
  UPPER- R: 0 A[0]: 0X0000 A[1]: 0X0000
  GOOFY- R: 0 A[0]: 0X0000 A[1]: 0X0000
KC: 0X5B DK: 0X3F VK: 0X74
  LOWER- R: 0 A[0]: 0X0000 A[1]: 0X0000
  UPPER- R: 0 A[0]: 0X0000 A[1]: 0X0000
  GOOFY- R: 0 A[0]: 0X0000 A[1]: 0X0000
KC: 0X5C DK: 0X40 VK: 0X75
  LOWER- R: 0 A[0]: 0X0000 A[1]: 0X0000
  UPPER- R: 0 A[0]: 0X0000 A[1]: 0X0000
  GOOFY- R: 0 A[0]: 0X0000 A[1]: 0X0000
KC: 0X5D DK: 0X41 VK: 0X76
  LOWER- R: 0 A[0]: 0X0000 A[1]: 0X0000
  UPPER- R: 0 A[0]: 0X0000 A[1]: 0X0000
  GOOFY- R: 0 A[0]: 0X0000 A[1]: 0X0000
KC: 0X5E DK: 0X42 VK: 0X77
  LOWER- R: 0 A[0]: 0X0000 A[1]: 0X0000
  UPPER- R: 0 A[0]: 0X0000 A[1]: 0X0000
  GOOFY- R: 0 A[0]: 0X0000 A[1]: 0X0000
KC: 0X5F DK: 0X43 VK: 0X78
  LOWER- R: 0 A[0]: 0X0000 A[1]: 0X0000
  UPPER- R: 0 A[0]: 0X0000 A[1]: 0X0000
  GOOFY- R: 0 A[0]: 0X0000 A[1]: 0X0000
KC: 0X60 DK: 0X44 VK: 0X79
  LOWER- R: 0 A[0]: 0X0000 A[1]: 0X0000
  UPPER- R: 0 A[0]: 0X0000 A[1]: 0X0000
  GOOFY- R: 0 A[0]: 0X0000 A[1]: 0X0000
KC: 0X61 DK: 0X57 VK: 0X7A
  LOWER- R: 0 A[0]: 0X0000 A[1]: 0X0000
  UPPER- R: 0 A[0]: 0X0000 A[1]: 0X0000
  GOOFY- R: 0 A[0]: 0X0000 A[1]: 0X0000
KC: 0X62 DK: 0X58 VK: 0X7B
  LOWER- R: 0 A[0]: 0X0000 A[1]: 0X0000
  UPPER- R: 0 A[0]: 0X0000 A[1]: 0X0000
  GOOFY- R: 0 A[0]: 0X0000 A[1]: 0X0000
KC: 0X63 DK: 0X64 VK: 0X7C
  LOWER- R: 0 A[0]: 0X0000 A[1]: 0X0000
  UPPER- R: 0 A[0]: 0X0000 A[1]: 0X0000
  GOOFY- R: 0 A[0]: 0X0000 A[1]: 0X0000
KC: 0X64 DK: 0X65 VK: 0X7D
  LOWER- R: 0 A[0]: 0X0000 A[1]: 0X0000
  UPPER- R: 0 A[0]: 0X0000 A[1]: 0X0000
  GOOFY- R: 0 A[0]: 0X0000 A[1]: 0X0000
KC: 0X65 DK: 0X66 VK: 0X7E
  LOWER- R: 0 A[0]: 0X0000 A[1]: 0X0000
  UPPER- R: 0 A[0]: 0X0000 A[1]: 0X0000
  GOOFY- R: 0 A[0]: 0X0000 A[1]: 0X0000
KC: 0X6F DK: 0X45 VK: 0X90
  LOWER- R: 0 A[0]: 0X0000 A[1]: 0X0000
  UPPER- R: 0 A[0]: 0X0000 A[1]: 0X0000
  GOOFY- R: 0 A[0]: 0X0000 A[1]: 0X0000
KC: 0X70 DK: 0X46 VK: 0X91
  LOWER- R: 0 A[0]: 0X0000 A[1]: 0X0000
  UPPER- R: 0 A[0]: 0X0000 A[1]: 0X0000
  GOOFY- R: 0 A[0]: 0X0000 A[1]: 0X0000
KC: 0X71 DK: 0X1D VK: 0X11
  LOWER- R: 0 A[0]: 0X0000 A[1]: 0X0000
  UPPER- R: 0 A[0]: 0X0000 A[1]: 0X0000
  GOOFY- R: 0 A[0]: 0X0000 A[1]: 0X0000
KC: 0X72 DK: 0X9D VK: 0X00
  LOWER- R: 0 A[0]: 0X0000 A[1]: 0X0000
  UPPER- R: 0 A[0]: 0X0000 A[1]: 0X0000
  GOOFY- R: 0 A[0]: 0X0000 A[1]: 0X0000
KC: 0X73 DK: 0X38 VK: 0X12
  LOWER- R: 0 A[0]: 0X0000 A[1]: 0X0000
  UPPER- R: 0 A[0]: 0X0000 A[1]: 0X0000
  GOOFY- R: 0 A[0]: 0X0000 A[1]: 0X0000
KC: 0X74 DK: 0XB8 VK: 0X00
  LOWER- R: 0 A[0]: 0X0000 A[1]: 0X0000
  UPPER- R: 0 A[0]: 0X0000 A[1]: 0X0000
  GOOFY- R: 0 A[0]: 0X0000 A[1]: 0X0000
KC: 0X75 DK: 0X2A VK: 0X10
  LOWER- R: 0 A[0]: 0X0000 A[1]: 0X0000
  UPPER- R: 0 A[0]: 0X0000 A[1]: 0X0000
  GOOFY- R: 0 A[0]: 0X0000 A[1]: 0X0000
KC: 0X76 DK: 0X36 VK: 0X10
  LOWER- R: 0 A[0]: 0X0000 A[1]: 0X0000
  UPPER- R: 0 A[0]: 0X0000 A[1]: 0X0000
  GOOFY- R: 0 A[0]: 0X0000 A[1]: 0X0000
KC: 0X77 DK: 0XDB VK: 0X00
  LOWER- R: 0 A[0]: 0X0000 A[1]: 0X0000
  UPPER- R: 0 A[0]: 0X0000 A[1]: 0X0000
  GOOFY- R: 0 A[0]: 0X0000 A[1]: 0X0000
KC: 0X78 DK: 0XDC VK: 0X00
  LOWER- R: 0 A[0]: 0X0000 A[1]: 0X0000
  UPPER- R: 0 A[0]: 0X0000 A[1]: 0X0000
  GOOFY- R: 0 A[0]: 0X0000 A[1]: 0X0000
KC: 0X79 DK: 0XDD VK: 0X00
  LOWER- R: 0 A[0]: 0X0000 A[1]: 0X0000
  UPPER- R: 0 A[0]: 0X0000 A[1]: 0X0000
  GOOFY- R: 0 A[0]: 0X0000 A[1]: 0X0000
KC: 0X80 DK: 0X56 VK: 0XE2
  LOWER- R: 1 A[0]: 0X005C A[1]: 0X0000
  UPPER- R: 1 A[0]: 0X007C A[1]: 0X0000
  GOOFY- R: 0 A[0]: 0X0000 A[1]: 0X0000
--- Finished filling the ASCII table! ---

*** CLOSING LOG ***
